<?xml version="1.0" encoding="UTF-8"?>
<project xmlns="http://maven.apache.org/POM/4.0.0" xmlns:xsi="http://www.w3.org/2001/XMLSchema-instance"
         xsi:schemaLocation="http://maven.apache.org/POM/4.0.0 http://maven.apache.org/maven-v4_0_0.xsd">

  <modelVersion>4.0.0</modelVersion>

  <groupId>io.syndesis.integrations</groupId>
  <artifactId>project</artifactId>
  <version>0.1-SNAPSHOT</version>
  <name>Syndesis Integrations :: Timed Pull to Post Example</name>
  <description>This is an example of a Timed Pull to Post Integration</description>
  <packaging>jar</packaging>

  <properties>
    <spring-boot.version>@spring-boot.version@</spring-boot.version>
    <camel.version>@camel.version@</camel.version>
    <funktion.version>@funktion.version@</funktion.version>
    <atlasmap.version>@atlasmap.version@</atlasmap.version>
    <jaeger.version>@jaeger.version@</jaeger.version>
  </properties>

  <dependencyManagement>
    <dependencies>
      <dependency>
        <groupId>org.springframework.boot</groupId>
        <artifactId>spring-boot-dependencies</artifactId>
        <version>${spring-boot.version}</version>
        <type>pom</type>
        <scope>import</scope>
      </dependency>
      <dependency>
        <groupId>org.apache.camel</groupId>
        <artifactId>camel-spring-boot-dependencies</artifactId>
        <version>${camel.version}</version>
        <type>pom</type>
        <scope>import</scope>
      </dependency>
    </dependencies>
  </dependencyManagement>

  <dependencies>
    <!-- atlasmap runtime -->
    <dependency>
      <groupId>io.atlasmap</groupId>
      <artifactId>camel-atlasmap</artifactId>
      <version>${atlasmap.version}</version>
    </dependency>

    <!-- connectors used in this integration -->
    <dependency>
      <groupId>io.syndesis</groupId>
      <artifactId>timer-connector</artifactId>
      <version>0.4.4</version>
    </dependency>
    <dependency>
      <groupId>io.syndesis</groupId>
      <artifactId>http-get-connector</artifactId>
      <version>0.4.4</version>
    </dependency>
    <dependency>
      <groupId>io.syndesis</groupId>
      <artifactId>http-post-connector</artifactId>
      <version>0.4.4</version>
    </dependency>

    <!-- spring-boot as runtime -->
    <dependency>
      <groupId>org.apache.camel</groupId>
      <artifactId>camel-spring-boot-starter</artifactId>
    </dependency>
    <dependency>
      <groupId>org.springframework.boot</groupId>
      <artifactId>spring-boot-starter-web</artifactId>
    </dependency>
    <dependency>
      <groupId>org.springframework.boot</groupId>
      <artifactId>spring-boot-starter-undertow</artifactId>
    </dependency>
    <dependency>
      <groupId>org.springframework.boot</groupId>
      <artifactId>spring-boot-starter-actuator</artifactId>
    </dependency>
    <dependency>
      <groupId>org.apache.camel</groupId>
      <artifactId>camel-opentracing-starter</artifactId>
    </dependency>

    <!-- Funktion runtime -->
    <dependency>
      <groupId>io.fabric8.funktion</groupId>
      <artifactId>funktion-model</artifactId>
      <version>${funktion.version}</version>
    </dependency>
    <dependency>
      <groupId>io.fabric8.funktion</groupId>
      <artifactId>funktion-runtime</artifactId>
      <version>${funktion.version}</version>
    </dependency>

    <!-- Tracing -->
    <dependency>
      <groupId>com.uber.jaeger</groupId>
      <artifactId>jaeger-core</artifactId>
      <version>${jaeger.version}</version>
    </dependency>

    <!-- testing -->
    <dependency>
      <groupId>org.apache.camel</groupId>
      <artifactId>camel-test</artifactId>
      <version>${camel.version}</version>
      <scope>test</scope>
    </dependency>

  </dependencies>

  <build>

    <plugins>
      <plugin>
        <groupId>org.springframework.boot</groupId>
        <artifactId>spring-boot-maven-plugin</artifactId>
        <version>1.5.2.RELEASE</version>
        <executions>
          <execution>
            <goals>
              <goal>repackage</goal>
            </goals>
          </execution>
        </executions>
      </plugin>
    </plugins>
  </build>

</project>
